Case #1: *gz*
Case #2: *yqq
Case #3: *itit
Case #4: bbbb*
Case #5: *hv*
Case #6: *gm
Case #7: om*
Case #8: *jccc
Case #9: *az
Case #10: c
Case #11: *ss*
Case #12: *b*
Case #13: *kyqy
Case #14: c
Case #15: *z
Case #16: mc*
Case #17: *i*
Case #18: *jk*
Case #19: lw
Case #20: *fffff
Case #21: *cb
Case #22: ki*
Case #23: *kd*
Case #24: eqq
Case #25: *zgzg
Case #26: *ddddd
Case #27: *fp*
Case #28: *v*
Case #29: *j*
Case #30: *rvv
Case #31: *bzh*
Case #32: *kk*
Case #33: *cooo
Case #34: *ylll
Case #35: *b
Case #36: rd*
Case #37: *fffff
Case #38: *vewe
Case #39: hhs*
Case #40: aco
Case #41: *t*
Case #42: *r*
Case #43: lb*
Case #44: *fffffffff
Case #45: ttttt*
Case #46: *yyy
Case #47: *skkk
Case #48: kqukqu
Case #49: wwww*
Case #50: *bmm
Case #51: *j*
Case #52: *hh*
Case #53: fffff*
Case #54: *doo*
Case #55: *aqq*
Case #56: *l*
Case #57: *iy
Case #58: *vt
Case #59: *ssss
Case #60: *i*
Case #61: *f*
Case #62: dddq*
Case #63: di*
Case #64: *mops
Case #65: kmm
Case #66: *ps*
Case #67: *yyyyy
Case #68: *ylnl
Case #69: *w*
Case #70: *lk
Case #71: *rz
Case #72: *ocz*
Case #73: *qnq*
Case #74: *ut
Case #75: *u*
Case #76: fo*
Case #77: *ph
Case #78: mtbas
Case #79: ssss*
Case #80: vvc*
Case #81: *haha
Case #82: *gb
Case #83: *iw
Case #84: *woo
Case #85: *jbbb
Case #86: *y
Case #87: oob*
Case #88: *c*
Case #89: *ll*
Case #90: *qqqqqqqq
Case #91: *wwwwwww
Case #92: *tnn
Case #93: *ap
Case #94: *a*
Case #95: *igig
Case #96: *ffs*
Case #97: *fj
Case #98: *veee
Case #99: *r*
Case #100: *ci
