Case #1: au*
Case #2: *c*
Case #3: *y*
Case #4: *tc
Case #5: *a*
Case #6: *heee
Case #7: *ssss
Case #8: *rbyb
Case #9: *n*
Case #10: fffff*
Case #11: mk*
Case #12: *al*
Case #13: hw*
Case #14: *sggg
Case #15: *r*
Case #16: *mu
Case #17: *jy
Case #18: *ss*
Case #19: qw*
Case #20: *r
Case #21: *tttt
Case #22: *a
Case #23: htuhtu
Case #24: eo*
Case #25: *ooooooo
Case #26: *ac
Case #27: *rhrh
Case #28: b
Case #29: hzz*
Case #30: *et
Case #31: *rbbb
Case #32: eeeee*
Case #33: imm
Case #34: *wqq
Case #35: *ssss
Case #36: *dii
Case #37: *ccc
Case #38: zuolf
Case #39: ba*
Case #40: *kkk
Case #41: ns*
Case #42: *tp
Case #43: *f*
Case #44: *uc
Case #45: *eeeee
Case #46: ua*
Case #47: *h*
Case #48: *nb
Case #49: *c*
Case #50: it
Case #51: *g*
Case #52: yyy*
Case #53: *itt
Case #54: ivv
Case #55: *wtw*
Case #56: mmmn*
Case #57: kk*
Case #58: *gy
Case #59: *g*
Case #60: cccr*
Case #61: ee*
Case #62: *fnn*
Case #63: *tttt
Case #64: *en
Case #65: *eeeeeeee
Case #66: cegly
Case #67: *lq
Case #68: *dudu
Case #69: *mmw*
Case #70: hhhhh*
Case #71: el*
Case #72: *mm*
Case #73: bn*
Case #74: *huu*
Case #75: *l*
Case #76: zzzz*
Case #77: *do*
Case #78: *qqqq
Case #79: *uuuuu
Case #80: zi*
Case #81: *oq
Case #82: vwv*
Case #83: *rk
Case #84: am*
Case #85: *sss
Case #86: *ypp
Case #87: *a
Case #88: *dddd
Case #89: *mt*
Case #90: *hh
Case #91: *zd
Case #92: *fffffffff
Case #93: *aa*
Case #94: *rqu*
Case #95: *qqq
Case #96: agy
Case #97: ff*
Case #98: e
Case #99: *eee
Case #100: *mvt*
