Case #1: rrr*
Case #2: *q*
Case #3: *ogs*
Case #4: *mkkk
Case #5: *jjjj
Case #6: kp
Case #7: *dw
Case #8: jjj*
Case #9: *ccccc
Case #10: *kb
Case #11: ccc*
Case #12: *zc
Case #13: *iii*
Case #14: *k*
Case #15: ttt*
Case #16: *go
Case #17: *eevee
Case #18: *in*
Case #19: ww*
Case #20: wj*
Case #21: *v*
Case #22: cf*
Case #23: *zl
Case #24: m
Case #25: *sj
Case #26: *oe
Case #27: ku*
Case #28: *qv
Case #29: e
Case #30: jjj*
Case #31: *ppppp
Case #32: *z
Case #33: *ig
Case #34: *yz
Case #35: *aaw*
Case #36: *zqzq
Case #37: *b*
Case #38: *ggggggg
Case #39: *jj
Case #40: *vdd
Case #41: *mh
Case #42: *zz*
Case #43: *d*
Case #44: *rti*
Case #45: *brr*
Case #46: *qe
Case #47: *kmem
Case #48: *b*
Case #49: ppp*
Case #50: *sis*
Case #51: *dgmv
Case #52: gggg*
Case #53: css
Case #54: *fff
Case #55: *ue*
Case #56: ii*
Case #57: eeet*
Case #58: *d
Case #59: zz*
Case #60: *uu
Case #61: *f
Case #62: rr*
Case #63: *fv
Case #64: rtt
Case #65: *z*
Case #66: *qiii
Case #67: *kkkkkkkkk
Case #68: *c*
Case #69: *m*
Case #70: *rcwc
Case #71: duzduz
Case #72: *e*
Case #73: *h*
Case #74: ak*
Case #75: *mkzk
Case #76: fk*
Case #77: *wd*
Case #78: kqt
Case #79: eeei*
Case #80: km*
Case #81: ye*
Case #82: bbbb*
Case #83: om*
Case #84: *pmm
Case #85: *vhv*
Case #86: ac*
Case #87: *ell*
Case #88: *hn
Case #89: *sssss
Case #90: *ooooo
Case #91: *ug
Case #92: *jjjjjjjj
Case #93: *mmm
Case #94: *qt
Case #95: *z*
Case #96: *ki
Case #97: *gmmmm
Case #98: *m*
Case #99: haqkd
Case #100: *ff*
