Case #1: *lc*
Case #2: *oooooooo
Case #3: ck*
Case #4: *g*
Case #5: *bq
Case #6: *lfl*
Case #7: *hv
Case #8: *ene*
Case #9: *bo
Case #10: *zzzzz
Case #11: *f*
Case #12: *ip*
Case #13: iqq
Case #14: *gw*
Case #15: *an
Case #16: *j
Case #17: zzzz*
Case #18: *jaaa
Case #19: *ii*
Case #20: fffff*
Case #21: iy
Case #22: mm*
Case #23: *qaua
Case #24: *ggggggg
Case #25: *wy*
Case #26: *ege*
Case #27: *ql
Case #28: jjjj*
Case #29: beqbeq
Case #30: hhhh*
Case #31: *uu
Case #32: hu*
Case #33: *fsfs
Case #34: *v*
Case #35: *ffz*
Case #36: nc*
Case #37: fe*
Case #38: *zdt*
Case #39: ggg*
Case #40: *gf*
Case #41: hhph*
Case #42: c
Case #43: *nm
Case #44: *by
Case #45: f
Case #46: lpt
Case #47: *mmmmm
Case #48: *d*
Case #49: *bq
Case #50: *d*
Case #51: *dpp
Case #52: *eue*
Case #53: *uzbz
Case #54: *eeee
Case #55: rz*
Case #56: *o*
Case #57: *yyyy
Case #58: *qhhh
Case #59: *pp*
Case #60: *ttttttttt
Case #61: *e*
Case #62: zz*
Case #63: *u*
Case #64: *fu
Case #65: *ly
Case #66: *kw
Case #67: *r
Case #68: *n*
Case #69: *yyyyy
Case #70: *tq
Case #71: *iiiii
Case #72: ll*
Case #73: *obb*
Case #74: sj*
Case #75: *mjt*
Case #76: *r*
Case #77: *r*
Case #78: qqqw*
Case #79: *bj
Case #80: zhmbg
Case #81: *tt*
Case #82: *s
Case #83: *zzz
Case #84: *yo
Case #85: ill
Case #86: jd*
Case #87: *jvv
Case #88: mh*
Case #89: *ll
Case #90: *n*
Case #91: *vv
Case #92: iiii*
Case #93: *uu
Case #94: *zt
Case #95: ddd*
Case #96: clmuw
Case #97: *bb
Case #98: fh*
Case #99: *r*
Case #100: *dmm*
